[0.292s] DEBUG:colcon:Command line arguments: ['/usr/bin/colcon', 'build', '--packages-select', 'ros2_hello_world']
[0.292s] DEBUG:colcon:Parsed command line arguments: Namespace(log_base=None, log_level=None, verb_name='build', build_base='build', install_base='install', merge_install=False, symlink_install=False, test_result_base=None, continue_on_error=False, executor='parallel', parallel_workers=14, event_handlers=None, ignore_user_meta=False, metas=['./colcon.meta'], base_paths=['.'], packages_ignore=None, packages_ignore_regex=None, paths=None, packages_up_to=None, packages_up_to_regex=None, packages_above=None, packages_above_and_dependencies=None, packages_above_depth=None, packages_select_by_dep=None, packages_skip_by_dep=None, packages_skip_up_to=None, packages_select_build_failed=False, packages_skip_build_finished=False, packages_select_test_failures=False, packages_skip_test_passed=False, packages_select=['ros2_hello_world'], packages_skip=None, packages_select_regex=None, packages_skip_regex=None, packages_start=None, packages_end=None, allow_overriding=[], cmake_args=None, cmake_target=None, cmake_target_skip_unavailable=False, cmake_clean_cache=False, cmake_clean_first=False, cmake_force_configure=False, ament_cmake_args=None, catkin_cmake_args=None, catkin_skip_building_tests=False, mixin_files=None, mixin=None, verb_parser=<colcon_mixin.mixin.mixin_argument.MixinArgumentDecorator object at 0x7e334525f890>, verb_extension=<colcon_core.verb.build.BuildVerb object at 0x7e334525f680>, main=<bound method BuildVerb.main of <colcon_core.verb.build.BuildVerb object at 0x7e334525f680>>, mixin_verb=('build',))
[0.368s] Level 1:colcon.colcon_core.package_discovery:discover_packages(colcon_meta) check parameters
[0.368s] Level 1:colcon.colcon_core.package_discovery:discover_packages(recursive) check parameters
[0.368s] Level 1:colcon.colcon_core.package_discovery:discover_packages(ignore) check parameters
[0.368s] Level 1:colcon.colcon_core.package_discovery:discover_packages(path) check parameters
[0.368s] Level 1:colcon.colcon_core.package_discovery:discover_packages(colcon_meta) discover
[0.368s] Level 1:colcon.colcon_core.package_discovery:discover_packages(recursive) discover
[0.368s] INFO:colcon.colcon_core.package_discovery:Crawling recursively for packages in '/home/devnihil/simple-hello-world-node-devnihiloothukaadu-wq'
[0.368s] Level 1:colcon.colcon_core.package_identification:_identify(.) by extensions ['ignore', 'ignore_ament_install']
[0.369s] Level 1:colcon.colcon_core.package_identification:_identify(.) by extension 'ignore'
[0.369s] Level 1:colcon.colcon_core.package_identification:_identify(.) by extension 'ignore_ament_install'
[0.369s] Level 1:colcon.colcon_core.package_identification:_identify(.) by extensions ['colcon_pkg']
[0.369s] Level 1:colcon.colcon_core.package_identification:_identify(.) by extension 'colcon_pkg'
[0.369s] Level 1:colcon.colcon_core.package_identification:_identify(.) by extensions ['colcon_meta']
[0.369s] Level 1:colcon.colcon_core.package_identification:_identify(.) by extension 'colcon_meta'
[0.369s] Level 1:colcon.colcon_core.package_identification:_identify(.) by extensions ['ros']
[0.369s] Level 1:colcon.colcon_core.package_identification:_identify(.) by extension 'ros'
[0.414s] DEBUG:colcon.colcon_core.package_identification:Package '.' with type 'ros.ament_cmake' and name 'ros2_hello_world'
[0.414s] Level 1:colcon.colcon_core.package_discovery:discover_packages(recursive) using defaults
[0.414s] Level 1:colcon.colcon_core.package_discovery:discover_packages(ignore) discover
[0.414s] Level 1:colcon.colcon_core.package_discovery:discover_packages(ignore) using defaults
[0.414s] Level 1:colcon.colcon_core.package_discovery:discover_packages(path) discover
[0.414s] Level 1:colcon.colcon_core.package_discovery:discover_packages(path) using defaults
[0.445s] Level 1:colcon.colcon_core.package_discovery:discover_packages(prefix_path) check parameters
[0.445s] Level 1:colcon.colcon_core.package_discovery:discover_packages(prefix_path) discover
[0.450s] DEBUG:colcon.colcon_installed_package_information.package_discovery:Found 285 installed packages in /opt/ros/jazzy
[0.451s] Level 1:colcon.colcon_core.package_discovery:discover_packages(prefix_path) using defaults
[0.507s] Level 5:colcon.colcon_core.verb:set package 'ros2_hello_world' build argument 'cmake_args' from command line to 'None'
[0.507s] Level 5:colcon.colcon_core.verb:set package 'ros2_hello_world' build argument 'cmake_target' from command line to 'None'
[0.507s] Level 5:colcon.colcon_core.verb:set package 'ros2_hello_world' build argument 'cmake_target_skip_unavailable' from command line to 'False'
[0.507s] Level 5:colcon.colcon_core.verb:set package 'ros2_hello_world' build argument 'cmake_clean_cache' from command line to 'False'
[0.507s] Level 5:colcon.colcon_core.verb:set package 'ros2_hello_world' build argument 'cmake_clean_first' from command line to 'False'
[0.507s] Level 5:colcon.colcon_core.verb:set package 'ros2_hello_world' build argument 'cmake_force_configure' from command line to 'False'
[0.507s] Level 5:colcon.colcon_core.verb:set package 'ros2_hello_world' build argument 'ament_cmake_args' from command line to 'None'
[0.507s] Level 5:colcon.colcon_core.verb:set package 'ros2_hello_world' build argument 'catkin_cmake_args' from command line to 'None'
[0.507s] Level 5:colcon.colcon_core.verb:set package 'ros2_hello_world' build argument 'catkin_skip_building_tests' from command line to 'False'
[0.507s] DEBUG:colcon.colcon_core.verb:Building package 'ros2_hello_world' with the following arguments: {'ament_cmake_args': None, 'build_base': '/home/devnihil/simple-hello-world-node-devnihiloothukaadu-wq/build/ros2_hello_world', 'catkin_cmake_args': None, 'catkin_skip_building_tests': False, 'cmake_args': None, 'cmake_clean_cache': False, 'cmake_clean_first': False, 'cmake_force_configure': False, 'cmake_target': None, 'cmake_target_skip_unavailable': False, 'install_base': '/home/devnihil/simple-hello-world-node-devnihiloothukaadu-wq/install/ros2_hello_world', 'merge_install': False, 'path': '/home/devnihil/simple-hello-world-node-devnihiloothukaadu-wq', 'symlink_install': False, 'test_result_base': None}
[0.508s] INFO:colcon.colcon_core.executor:Executing jobs using 'parallel' executor
[0.509s] DEBUG:colcon.colcon_parallel_executor.executor.parallel:run_until_complete
[0.509s] INFO:colcon.colcon_ros.task.ament_cmake.build:Building ROS package in '/home/devnihil/simple-hello-world-node-devnihiloothukaadu-wq' with build type 'ament_cmake'
[0.510s] INFO:colcon.colcon_cmake.task.cmake.build:Building CMake package in '/home/devnihil/simple-hello-world-node-devnihiloothukaadu-wq'
[0.518s] INFO:colcon.colcon_core.plugin_system:Skipping extension 'colcon_core.shell.bat': Not used on non-Windows systems
[0.518s] INFO:colcon.colcon_core.shell:Skip shell extension 'powershell' for command environment: Not usable outside of PowerShell
[0.519s] DEBUG:colcon.colcon_core.shell:Skip shell extension 'dsv' for command environment
[0.532s] DEBUG:colcon.colcon_core.event_handler.log_command:Invoking command in '/home/devnihil/simple-hello-world-node-devnihiloothukaadu-wq/build/ros2_hello_world': CMAKE_PREFIX_PATH=${CMAKE_PREFIX_PATH}:/opt/ros/jazzy DEBUGINFOD_URLS=https://debuginfod.ubuntu.com /usr/bin/cmake /home/devnihil/simple-hello-world-node-devnihiloothukaadu-wq -DCMAKE_INSTALL_PREFIX=/home/devnihil/simple-hello-world-node-devnihiloothukaadu-wq/install/ros2_hello_world
[2.581s] DEBUG:colcon.colcon_core.event_handler.log_command:Invoked command in '/home/devnihil/simple-hello-world-node-devnihiloothukaadu-wq/build/ros2_hello_world' returned '0': CMAKE_PREFIX_PATH=${CMAKE_PREFIX_PATH}:/opt/ros/jazzy DEBUGINFOD_URLS=https://debuginfod.ubuntu.com /usr/bin/cmake /home/devnihil/simple-hello-world-node-devnihiloothukaadu-wq -DCMAKE_INSTALL_PREFIX=/home/devnihil/simple-hello-world-node-devnihiloothukaadu-wq/install/ros2_hello_world
[2.585s] DEBUG:colcon.colcon_core.event_handler.log_command:Invoking command in '/home/devnihil/simple-hello-world-node-devnihiloothukaadu-wq/build/ros2_hello_world': CMAKE_PREFIX_PATH=${CMAKE_PREFIX_PATH}:/opt/ros/jazzy DEBUGINFOD_URLS=https://debuginfod.ubuntu.com /usr/bin/cmake --build /home/devnihil/simple-hello-world-node-devnihiloothukaadu-wq/build/ros2_hello_world -- -j14 -l14
[6.513s] DEBUG:colcon.colcon_core.event_handler.log_command:Invoked command in '/home/devnihil/simple-hello-world-node-devnihiloothukaadu-wq/build/ros2_hello_world' returned '0': CMAKE_PREFIX_PATH=${CMAKE_PREFIX_PATH}:/opt/ros/jazzy DEBUGINFOD_URLS=https://debuginfod.ubuntu.com /usr/bin/cmake --build /home/devnihil/simple-hello-world-node-devnihiloothukaadu-wq/build/ros2_hello_world -- -j14 -l14
[6.532s] DEBUG:colcon.colcon_core.event_handler.log_command:Invoking command in '/home/devnihil/simple-hello-world-node-devnihiloothukaadu-wq/build/ros2_hello_world': CMAKE_PREFIX_PATH=${CMAKE_PREFIX_PATH}:/opt/ros/jazzy DEBUGINFOD_URLS=https://debuginfod.ubuntu.com /usr/bin/cmake --install /home/devnihil/simple-hello-world-node-devnihiloothukaadu-wq/build/ros2_hello_world
[6.551s] Level 1:colcon.colcon_core.environment:create_environment_scripts_only(ros2_hello_world)
[6.552s] DEBUG:colcon.colcon_core.event_handler.log_command:Invoked command in '/home/devnihil/simple-hello-world-node-devnihiloothukaadu-wq/build/ros2_hello_world' returned '0': CMAKE_PREFIX_PATH=${CMAKE_PREFIX_PATH}:/opt/ros/jazzy DEBUGINFOD_URLS=https://debuginfod.ubuntu.com /usr/bin/cmake --install /home/devnihil/simple-hello-world-node-devnihiloothukaadu-wq/build/ros2_hello_world
[6.561s] Level 1:colcon.colcon_core.environment:checking '/home/devnihil/simple-hello-world-node-devnihiloothukaadu-wq/install/ros2_hello_world' for CMake module files
[6.562s] Level 1:colcon.colcon_core.environment:checking '/home/devnihil/simple-hello-world-node-devnihiloothukaadu-wq/install/ros2_hello_world' for CMake config files
[6.562s] Level 1:colcon.colcon_core.shell:create_environment_hook('ros2_hello_world', 'cmake_prefix_path')
[6.563s] INFO:colcon.colcon_core.shell:Creating environment hook '/home/devnihil/simple-hello-world-node-devnihiloothukaadu-wq/install/ros2_hello_world/share/ros2_hello_world/hook/cmake_prefix_path.ps1'
[6.565s] INFO:colcon.colcon_core.shell:Creating environment descriptor '/home/devnihil/simple-hello-world-node-devnihiloothukaadu-wq/install/ros2_hello_world/share/ros2_hello_world/hook/cmake_prefix_path.dsv'
[6.566s] INFO:colcon.colcon_core.shell:Creating environment hook '/home/devnihil/simple-hello-world-node-devnihiloothukaadu-wq/install/ros2_hello_world/share/ros2_hello_world/hook/cmake_prefix_path.sh'
[6.568s] Level 1:colcon.colcon_core.environment:checking '/home/devnihil/simple-hello-world-node-devnihiloothukaadu-wq/install/ros2_hello_world/lib'
[6.568s] Level 1:colcon.colcon_core.environment:checking '/home/devnihil/simple-hello-world-node-devnihiloothukaadu-wq/install/ros2_hello_world/bin'
[6.569s] Level 1:colcon.colcon_core.environment:checking '/home/devnihil/simple-hello-world-node-devnihiloothukaadu-wq/install/ros2_hello_world/lib/pkgconfig/ros2_hello_world.pc'
[6.569s] Level 1:colcon.colcon_core.environment:checking '/home/devnihil/simple-hello-world-node-devnihiloothukaadu-wq/install/ros2_hello_world/lib/python3.12/site-packages'
[6.570s] Level 1:colcon.colcon_core.environment:checking '/home/devnihil/simple-hello-world-node-devnihiloothukaadu-wq/install/ros2_hello_world/bin'
[6.570s] INFO:colcon.colcon_core.shell:Creating package script '/home/devnihil/simple-hello-world-node-devnihiloothukaadu-wq/install/ros2_hello_world/share/ros2_hello_world/package.ps1'
[6.571s] INFO:colcon.colcon_core.shell:Creating package descriptor '/home/devnihil/simple-hello-world-node-devnihiloothukaadu-wq/install/ros2_hello_world/share/ros2_hello_world/package.dsv'
[6.572s] INFO:colcon.colcon_core.shell:Creating package script '/home/devnihil/simple-hello-world-node-devnihiloothukaadu-wq/install/ros2_hello_world/share/ros2_hello_world/package.sh'
[6.573s] INFO:colcon.colcon_core.shell:Creating package script '/home/devnihil/simple-hello-world-node-devnihiloothukaadu-wq/install/ros2_hello_world/share/ros2_hello_world/package.bash'
[6.574s] INFO:colcon.colcon_core.shell:Creating package script '/home/devnihil/simple-hello-world-node-devnihiloothukaadu-wq/install/ros2_hello_world/share/ros2_hello_world/package.zsh'
[6.575s] Level 1:colcon.colcon_core.environment:create_file_with_runtime_dependencies(/home/devnihil/simple-hello-world-node-devnihiloothukaadu-wq/install/ros2_hello_world/share/colcon-core/packages/ros2_hello_world)
[6.576s] Level 1:colcon.colcon_core.environment:create_environment_scripts_only(ros2_hello_world)
[6.576s] Level 1:colcon.colcon_core.environment:checking '/home/devnihil/simple-hello-world-node-devnihiloothukaadu-wq/install/ros2_hello_world' for CMake module files
[6.577s] Level 1:colcon.colcon_core.environment:checking '/home/devnihil/simple-hello-world-node-devnihiloothukaadu-wq/install/ros2_hello_world' for CMake config files
[6.577s] Level 1:colcon.colcon_core.shell:create_environment_hook('ros2_hello_world', 'cmake_prefix_path')
[6.578s] INFO:colcon.colcon_core.shell:Creating environment hook '/home/devnihil/simple-hello-world-node-devnihiloothukaadu-wq/install/ros2_hello_world/share/ros2_hello_world/hook/cmake_prefix_path.ps1'
[6.578s] INFO:colcon.colcon_core.shell:Creating environment descriptor '/home/devnihil/simple-hello-world-node-devnihiloothukaadu-wq/install/ros2_hello_world/share/ros2_hello_world/hook/cmake_prefix_path.dsv'
[6.579s] INFO:colcon.colcon_core.shell:Creating environment hook '/home/devnihil/simple-hello-world-node-devnihiloothukaadu-wq/install/ros2_hello_world/share/ros2_hello_world/hook/cmake_prefix_path.sh'
[6.580s] Level 1:colcon.colcon_core.environment:checking '/home/devnihil/simple-hello-world-node-devnihiloothukaadu-wq/install/ros2_hello_world/lib'
[6.580s] Level 1:colcon.colcon_core.environment:checking '/home/devnihil/simple-hello-world-node-devnihiloothukaadu-wq/install/ros2_hello_world/bin'
[6.580s] Level 1:colcon.colcon_core.environment:checking '/home/devnihil/simple-hello-world-node-devnihiloothukaadu-wq/install/ros2_hello_world/lib/pkgconfig/ros2_hello_world.pc'
[6.580s] Level 1:colcon.colcon_core.environment:checking '/home/devnihil/simple-hello-world-node-devnihiloothukaadu-wq/install/ros2_hello_world/lib/python3.12/site-packages'
[6.581s] Level 1:colcon.colcon_core.environment:checking '/home/devnihil/simple-hello-world-node-devnihiloothukaadu-wq/install/ros2_hello_world/bin'
[6.581s] INFO:colcon.colcon_core.shell:Creating package script '/home/devnihil/simple-hello-world-node-devnihiloothukaadu-wq/install/ros2_hello_world/share/ros2_hello_world/package.ps1'
[6.582s] INFO:colcon.colcon_core.shell:Creating package descriptor '/home/devnihil/simple-hello-world-node-devnihiloothukaadu-wq/install/ros2_hello_world/share/ros2_hello_world/package.dsv'
[6.583s] INFO:colcon.colcon_core.shell:Creating package script '/home/devnihil/simple-hello-world-node-devnihiloothukaadu-wq/install/ros2_hello_world/share/ros2_hello_world/package.sh'
[6.583s] INFO:colcon.colcon_core.shell:Creating package script '/home/devnihil/simple-hello-world-node-devnihiloothukaadu-wq/install/ros2_hello_world/share/ros2_hello_world/package.bash'
[6.584s] INFO:colcon.colcon_core.shell:Creating package script '/home/devnihil/simple-hello-world-node-devnihiloothukaadu-wq/install/ros2_hello_world/share/ros2_hello_world/package.zsh'
[6.584s] Level 1:colcon.colcon_core.environment:create_file_with_runtime_dependencies(/home/devnihil/simple-hello-world-node-devnihiloothukaadu-wq/install/ros2_hello_world/share/colcon-core/packages/ros2_hello_world)
[6.584s] DEBUG:colcon.colcon_parallel_executor.executor.parallel:closing loop
[6.585s] DEBUG:colcon.colcon_parallel_executor.executor.parallel:loop closed
[6.585s] DEBUG:colcon.colcon_parallel_executor.executor.parallel:run_until_complete finished with '0'
[6.585s] DEBUG:colcon.colcon_core.event_reactor:joining thread
[6.594s] INFO:colcon.colcon_core.plugin_system:Skipping extension 'colcon_notification.desktop_notification.terminal_notifier': Not used on non-Darwin systems
[6.594s] INFO:colcon.colcon_core.plugin_system:Skipping extension 'colcon_notification.desktop_notification.win32': Not used on non-Windows systems
[6.594s] INFO:colcon.colcon_notification.desktop_notification:Sending desktop notification using 'notify2'
[6.639s] DEBUG:colcon.colcon_core.event_reactor:joined thread
[6.640s] INFO:colcon.colcon_core.shell:Creating prefix script '/home/devnihil/simple-hello-world-node-devnihiloothukaadu-wq/install/local_setup.ps1'
[6.642s] INFO:colcon.colcon_core.shell:Creating prefix util module '/home/devnihil/simple-hello-world-node-devnihiloothukaadu-wq/install/_local_setup_util_ps1.py'
[6.644s] INFO:colcon.colcon_core.shell:Creating prefix chain script '/home/devnihil/simple-hello-world-node-devnihiloothukaadu-wq/install/setup.ps1'
[6.646s] INFO:colcon.colcon_core.shell:Creating prefix script '/home/devnihil/simple-hello-world-node-devnihiloothukaadu-wq/install/local_setup.sh'
[6.648s] INFO:colcon.colcon_core.shell:Creating prefix util module '/home/devnihil/simple-hello-world-node-devnihiloothukaadu-wq/install/_local_setup_util_sh.py'
[6.649s] INFO:colcon.colcon_core.shell:Creating prefix chain script '/home/devnihil/simple-hello-world-node-devnihiloothukaadu-wq/install/setup.sh'
[6.650s] INFO:colcon.colcon_core.shell:Creating prefix script '/home/devnihil/simple-hello-world-node-devnihiloothukaadu-wq/install/local_setup.bash'
[6.651s] INFO:colcon.colcon_core.shell:Creating prefix chain script '/home/devnihil/simple-hello-world-node-devnihiloothukaadu-wq/install/setup.bash'
[6.652s] INFO:colcon.colcon_core.shell:Creating prefix script '/home/devnihil/simple-hello-world-node-devnihiloothukaadu-wq/install/local_setup.zsh'
[6.653s] INFO:colcon.colcon_core.shell:Creating prefix chain script '/home/devnihil/simple-hello-world-node-devnihiloothukaadu-wq/install/setup.zsh'
