[0.021s] Invoking command in '/home/devnihil/simple-hello-world-node-devnihiloothukaadu-wq/build/ros2_hello_world': CMAKE_PREFIX_PATH=${CMAKE_PREFIX_PATH}:/opt/ros/jazzy DEBUGINFOD_URLS=https://debuginfod.ubuntu.com /usr/bin/cmake /home/devnihil/simple-hello-world-node-devnihiloothukaadu-wq -DCMAKE_INSTALL_PREFIX=/home/devnihil/simple-hello-world-node-devnihiloothukaadu-wq/install/ros2_hello_world
[0.193s] -- The C compiler identification is GNU 13.3.0
[0.334s] -- The CXX compiler identification is GNU 13.3.0
[0.371s] -- Detecting C compiler ABI info
[0.542s] -- Detecting C compiler ABI info - done
[0.559s] -- Check for working C compiler: /usr/bin/cc - skipped
[0.560s] -- Detecting C compile features
[0.561s] -- Detecting C compile features - done
[0.580s] -- Detecting CXX compiler ABI info
[0.751s] -- Detecting CXX compiler ABI info - done
[0.767s] -- Check for working CXX compiler: /usr/bin/c++ - skipped
[0.767s] -- Detecting CXX compile features
[0.768s] -- Detecting CXX compile features - done
[0.775s] -- Found ament_cmake: 2.5.4 (/opt/ros/jazzy/share/ament_cmake/cmake)
[1.029s] -- Found Python3: /usr/bin/python3 (found version "3.12.3") found components: Interpreter 
[1.200s] -- Found rclcpp: 28.1.13 (/opt/ros/jazzy/share/rclcpp/cmake)
[1.265s] -- Found rosidl_generator_c: 4.6.6 (/opt/ros/jazzy/share/rosidl_generator_c/cmake)
[1.285s] -- Found rosidl_generator_cpp: 4.6.6 (/opt/ros/jazzy/share/rosidl_generator_cpp/cmake)
[1.315s] -- Using all available rosidl_typesupport_c: rosidl_typesupport_fastrtps_c;rosidl_typesupport_introspection_c
[1.347s] -- Using all available rosidl_typesupport_cpp: rosidl_typesupport_fastrtps_cpp;rosidl_typesupport_introspection_cpp
[1.476s] -- Found rmw_implementation_cmake: 7.3.2 (/opt/ros/jazzy/share/rmw_implementation_cmake/cmake)
[1.480s] -- Found rmw_fastrtps_cpp: 8.4.3 (/opt/ros/jazzy/share/rmw_fastrtps_cpp/cmake)
[1.623s] -- Found OpenSSL: /usr/lib/x86_64-linux-gnu/libcrypto.so (found version "3.0.13")  
[1.659s] -- Found FastRTPS: /opt/ros/jazzy/include (Required is at least version "2.13") 
[1.702s] -- Using RMW implementation 'rmw_fastrtps_cpp' as default
[1.832s] -- Found ament_lint_auto: 0.17.3 (/opt/ros/jazzy/share/ament_lint_auto/cmake)
[2.009s] -- Added test 'copyright' to check source files copyright and LICENSE
[2.016s] -- Added test 'cppcheck' to perform static code analysis on C / C++ code
[2.017s] -- Configured cppcheck include dirs: 
[2.017s] -- Configured cppcheck exclude dirs and/or files: 
[2.023s] -- Added test 'cpplint' to check C / C++ code against the Google style
[2.023s] -- Configured cpplint exclude dirs and/or files: 
[2.027s] -- Added test 'lint_cmake' to check CMake code style
[2.034s] -- Added test 'uncrustify' to check C / C++ code style
[2.035s] -- Configured uncrustify additional arguments: 
[2.036s] -- Added test 'xmllint' to check XML markup files
[2.038s] -- Configuring done (2.0s)
[2.052s] -- Generating done (0.0s)
[2.057s] -- Build files have been written to: /home/devnihil/simple-hello-world-node-devnihiloothukaadu-wq/build/ros2_hello_world
[2.071s] Invoked command in '/home/devnihil/simple-hello-world-node-devnihiloothukaadu-wq/build/ros2_hello_world' returned '0': CMAKE_PREFIX_PATH=${CMAKE_PREFIX_PATH}:/opt/ros/jazzy DEBUGINFOD_URLS=https://debuginfod.ubuntu.com /usr/bin/cmake /home/devnihil/simple-hello-world-node-devnihiloothukaadu-wq -DCMAKE_INSTALL_PREFIX=/home/devnihil/simple-hello-world-node-devnihiloothukaadu-wq/install/ros2_hello_world
[2.074s] Invoking command in '/home/devnihil/simple-hello-world-node-devnihiloothukaadu-wq/build/ros2_hello_world': CMAKE_PREFIX_PATH=${CMAKE_PREFIX_PATH}:/opt/ros/jazzy DEBUGINFOD_URLS=https://debuginfod.ubuntu.com /usr/bin/cmake --build /home/devnihil/simple-hello-world-node-devnihiloothukaadu-wq/build/ros2_hello_world -- -j14 -l14
[2.155s] [ 50%] [32mBuilding CXX object CMakeFiles/hello_node.dir/src/hello_node.cpp.o[0m
[5.767s] [100%] [32m[1mLinking CXX executable hello_node[0m
[5.980s] [100%] Built target hello_node
[6.003s] Invoked command in '/home/devnihil/simple-hello-world-node-devnihiloothukaadu-wq/build/ros2_hello_world' returned '0': CMAKE_PREFIX_PATH=${CMAKE_PREFIX_PATH}:/opt/ros/jazzy DEBUGINFOD_URLS=https://debuginfod.ubuntu.com /usr/bin/cmake --build /home/devnihil/simple-hello-world-node-devnihiloothukaadu-wq/build/ros2_hello_world -- -j14 -l14
[6.021s] Invoking command in '/home/devnihil/simple-hello-world-node-devnihiloothukaadu-wq/build/ros2_hello_world': CMAKE_PREFIX_PATH=${CMAKE_PREFIX_PATH}:/opt/ros/jazzy DEBUGINFOD_URLS=https://debuginfod.ubuntu.com /usr/bin/cmake --install /home/devnihil/simple-hello-world-node-devnihiloothukaadu-wq/build/ros2_hello_world
[6.035s] -- Install configuration: ""
[6.035s] -- Installing: /home/devnihil/simple-hello-world-node-devnihiloothukaadu-wq/install/ros2_hello_world/lib/ros2_hello_world/hello_node
[6.036s] -- Set non-toolchain portion of runtime path of "/home/devnihil/simple-hello-world-node-devnihiloothukaadu-wq/install/ros2_hello_world/lib/ros2_hello_world/hello_node" to ""
[6.036s] -- Installing: /home/devnihil/simple-hello-world-node-devnihiloothukaadu-wq/install/ros2_hello_world/share/ament_index/resource_index/package_run_dependencies/ros2_hello_world
[6.036s] -- Installing: /home/devnihil/simple-hello-world-node-devnihiloothukaadu-wq/install/ros2_hello_world/share/ament_index/resource_index/parent_prefix_path/ros2_hello_world
[6.037s] -- Installing: /home/devnihil/simple-hello-world-node-devnihiloothukaadu-wq/install/ros2_hello_world/share/ros2_hello_world/environment/ament_prefix_path.sh
[6.037s] -- Installing: /home/devnihil/simple-hello-world-node-devnihiloothukaadu-wq/install/ros2_hello_world/share/ros2_hello_world/environment/ament_prefix_path.dsv
[6.037s] -- Installing: /home/devnihil/simple-hello-world-node-devnihiloothukaadu-wq/install/ros2_hello_world/share/ros2_hello_world/environment/path.sh
[6.037s] -- Installing: /home/devnihil/simple-hello-world-node-devnihiloothukaadu-wq/install/ros2_hello_world/share/ros2_hello_world/environment/path.dsv
[6.037s] -- Installing: /home/devnihil/simple-hello-world-node-devnihiloothukaadu-wq/install/ros2_hello_world/share/ros2_hello_world/local_setup.bash
[6.038s] -- Installing: /home/devnihil/simple-hello-world-node-devnihiloothukaadu-wq/install/ros2_hello_world/share/ros2_hello_world/local_setup.sh
[6.038s] -- Installing: /home/devnihil/simple-hello-world-node-devnihiloothukaadu-wq/install/ros2_hello_world/share/ros2_hello_world/local_setup.zsh
[6.038s] -- Installing: /home/devnihil/simple-hello-world-node-devnihiloothukaadu-wq/install/ros2_hello_world/share/ros2_hello_world/local_setup.dsv
[6.038s] -- Installing: /home/devnihil/simple-hello-world-node-devnihiloothukaadu-wq/install/ros2_hello_world/share/ros2_hello_world/package.dsv
[6.038s] -- Installing: /home/devnihil/simple-hello-world-node-devnihiloothukaadu-wq/install/ros2_hello_world/share/ament_index/resource_index/packages/ros2_hello_world
[6.038s] -- Installing: /home/devnihil/simple-hello-world-node-devnihiloothukaadu-wq/install/ros2_hello_world/share/ros2_hello_world/cmake/ros2_hello_worldConfig.cmake
[6.038s] -- Installing: /home/devnihil/simple-hello-world-node-devnihiloothukaadu-wq/install/ros2_hello_world/share/ros2_hello_world/cmake/ros2_hello_worldConfig-version.cmake
[6.039s] -- Installing: /home/devnihil/simple-hello-world-node-devnihiloothukaadu-wq/install/ros2_hello_world/share/ros2_hello_world/package.xml
[6.042s] Invoked command in '/home/devnihil/simple-hello-world-node-devnihiloothukaadu-wq/build/ros2_hello_world' returned '0': CMAKE_PREFIX_PATH=${CMAKE_PREFIX_PATH}:/opt/ros/jazzy DEBUGINFOD_URLS=https://debuginfod.ubuntu.com /usr/bin/cmake --install /home/devnihil/simple-hello-world-node-devnihiloothukaadu-wq/build/ros2_hello_world
